# JRE version: Java(TM) SE Runtime Environment (8.0_231-b11) (build 1.8.0_231-b11)
# Java VM: Java HotSpot(TM) Client VM (25.231-b11 mixed mode windows-x86 )
Heap:
 def new generation   total 4992K, used 4731K [0x04a00000, 0x04f60000, 0x09f50000)
  eden space 4480K,  94% used [0x04a00000, 0x04e1ec08, 0x04e60000)
  from space 512K, 100% used [0x04ee0000, 0x04f60000, 0x04f60000)
  to   space 512K,   0% used [0x04e60000, 0x04e60000, 0x04ee0000)
 tenured generation   total 10944K, used 2303K [0x09f50000, 0x0aa00000, 0x14a00000)
   the space 10944K,  21% used [0x09f50000, 0x0a18fda0, 0x0a18fe00, 0x0aa00000)
 Metaspace       used 6339K, capacity 6519K, committed 6528K, reserved 6528K
GC Heap History (10 events):
Event: 1.655 GC heap before
{Heap before GC invocations=1245 (full 20):
 def new generation   total 4992K, used 4575K [0x04a00000, 0x04f60000, 0x09f50000)
  eden space 4480K,  94% used [0x04a00000, 0x04e218d0, 0x04e60000)
  from space 512K,  67% used [0x04e60000, 0x04eb6508, 0x04ee0000)
  to   space 512K,   0% used [0x04ee0000, 0x04ee0000, 0x04f60000)
 tenured generation   total 10944K, used 8268K [0x09f50000, 0x0aa00000, 0x14a00000)
   the space 10944K,  75% used [0x09f50000, 0x0a763298, 0x0a763400, 0x0aa00000)
 Metaspace       used 3463K, capacity 3502K, committed 3520K, reserved 4480K
Event: 1.655 GC heap after
Heap after GC invocations=1246 (full 20):
 def new generation   total 4992K, used 345K [0x04a00000, 0x04f60000, 0x09f50000)
  eden space 4480K,   0% used [0x04a00000, 0x04a00000, 0x04e60000)
  from space 512K,  67% used [0x04ee0000, 0x04f36528, 0x04f60000)
  to   space 512K,   0% used [0x04e60000, 0x04e60000, 0x04ee0000)
 tenured generation   total 10944K, used 8613K [0x09f50000, 0x0aa00000, 0x14a00000)
   the space 10944K,  78% used [0x09f50000, 0x0a7b9770, 0x0a7b9800, 0x0aa00000)
 Metaspace       used 3463K, capacity 3502K, committed 3520K, reserved 4480K
}
Event: 1.714 GC heap before
{Heap before GC invocations=1246 (full 20):
 def new generation   total 4992K, used 4825K [0x04a00000, 0x04f60000, 0x09f50000)
  eden space 4480K, 100% used [0x04a00000, 0x04e60000, 0x04e60000)
  from space 512K,  67% used [0x04ee0000, 0x04f36528, 0x04f60000)
  to   space 512K,   0% used [0x04e60000, 0x04e60000, 0x04ee0000)
 tenured generation   total 10944K, used 8613K [0x09f50000, 0x0aa00000, 0x14a00000)
   the space 10944K,  78% used [0x09f50000, 0x0a7b9770, 0x0a7b9800, 0x0aa00000)
 Metaspace       used 4338K, capacity 4366K, committed 4416K, reserved 4480K
Event: 1.716 GC heap after
Heap after GC invocations=1247 (full 20):
 def new generation   total 4992K, used 512K [0x04a00000, 0x04f60000, 0x09f50000)
  eden space 4480K,   0% used [0x04a00000, 0x04a00000, 0x04e60000)
  from space 512K, 100% used [0x04e60000, 0x04ee0000, 0x04ee0000)
  to   space 512K,   0% used [0x04ee0000, 0x04ee0000, 0x04f60000)
 tenured generation   total 10944K, used 8811K [0x09f50000, 0x0aa00000, 0x14a00000)
   the space 10944K,  80% used [0x09f50000, 0x0a7eaea8, 0x0a7eb000, 0x0aa00000)
 Metaspace       used 4338K, capacity 4366K, committed 4416K, reserved 4480K
}
Event: 1.815 GC heap before
{Heap before GC invocations=1247 (full 20):
 def new generation   total 4992K, used 4992K [0x04a00000, 0x04f60000, 0x09f50000)
  eden space 4480K, 100% used [0x04a00000, 0x04e60000, 0x04e60000)
  from space 512K, 100% used [0x04e60000, 0x04ee0000, 0x04ee0000)
  to   space 512K,   0% used [0x04ee0000, 0x04ee0000, 0x04f60000)
 tenured generation   total 10944K, used 8811K [0x09f50000, 0x0aa00000, 0x14a00000)
   the space 10944K,  80% used [0x09f50000, 0x0a7eaea8, 0x0a7eb000, 0x0aa00000)
 Metaspace       used 5214K, capacity 5396K, committed 5504K, reserved 5504K
Event: 1.819 GC heap after
Heap after GC invocations=1248 (full 20):
 def new generation   total 4992K, used 512K [0x04a00000, 0x04f60000, 0x09f50000)
  eden space 4480K,   0% used [0x04a00000, 0x04a00000, 0x04e60000)
  from space 512K, 100% used [0x04ee0000, 0x04f60000, 0x04f60000)
  to   space 512K,   0% used [0x04e60000, 0x04e60000, 0x04ee0000)
 tenured generation   total 10944K, used 10722K [0x09f50000, 0x0aa00000, 0x14a00000)
   the space 10944K,  97% used [0x09f50000, 0x0a9c8820, 0x0a9c8a00, 0x0aa00000)
 Metaspace       used 5214K, capacity 5396K, committed 5504K, reserved 5504K
}
Event: 1.874 GC heap before
{Heap before GC invocations=1248 (full 20):
 def new generation   total 4992K, used 4992K [0x04a00000, 0x04f60000, 0x09f50000)
  eden space 4480K, 100% used [0x04a00000, 0x04e60000, 0x04e60000)
  from space 512K, 100% used [0x04ee0000, 0x04f60000, 0x04f60000)
  to   space 512K,   0% used [0x04e60000, 0x04e60000, 0x04ee0000)
 tenured generation   total 10944K, used 10722K [0x09f50000, 0x0aa00000, 0x14a00000)
   the space 10944K,  97% used [0x09f50000, 0x0a9c8820, 0x0a9c8a00, 0x0aa00000)
 Metaspace       used 5568K, capacity 5748K, committed 5760K, reserved 6528K
Event: 1.883 GC heap after
Heap after GC invocations=1249 (full 21):
 def new generation   total 4992K, used 0K [0x04a00000, 0x04f60000, 0x09f50000)
  eden space 4480K,   0% used [0x04a00000, 0x04a00000, 0x04e60000)
  from space 512K,   0% used [0x04e60000, 0x04e60000, 0x04ee0000)
  to   space 512K,   0% used [0x04ee0000, 0x04ee0000, 0x04f60000)
 tenured generation   total 10944K, used 2144K [0x09f50000, 0x0aa00000, 0x14a00000)
   the space 10944K,  19% used [0x09f50000, 0x0a168188, 0x0a168200, 0x0aa00000)
 Metaspace       used 5568K, capacity 5748K, committed 5760K, reserved 6528K
}
Event: 2.335 GC heap before
{Heap before GC invocations=1249 (full 21):
 def new generation   total 4992K, used 4480K [0x04a00000, 0x04f60000, 0x09f50000)
  eden space 4480K, 100% used [0x04a00000, 0x04e60000, 0x04e60000)
  from space 512K,   0% used [0x04e60000, 0x04e60000, 0x04ee0000)
  to   space 512K,   0% used [0x04ee0000, 0x04ee0000, 0x04f60000)
 tenured generation   total 10944K, used 2144K [0x09f50000, 0x0aa00000, 0x14a00000)
   the space 10944K,  19% used [0x09f50000, 0x0a168188, 0x0a168200, 0x0aa00000)
 Metaspace       used 6179K, capacity 6356K, committed 6400K, reserved 6528K
Event: 2.337 GC heap after
Heap after GC invocations=1250 (full 21):
 def new generation   total 4992K, used 512K [0x04a00000, 0x04f60000, 0x09f50000)
  eden space 4480K,   0% used [0x04a00000, 0x04a00000, 0x04e60000)
  from space 512K, 100% used [0x04ee0000, 0x04f60000, 0x04f60000)
  to   space 512K,   0% used [0x04e60000, 0x04e60000, 0x04ee0000)
 tenured generation   total 10944K, used 2303K [0x09f50000, 0x0aa00000, 0x14a00000)
   the space 10944K,  21% used [0x09f50000, 0x0a18fda0, 0x0a18fe00, 0x0aa00000)
 Metaspace       used 6179K, capacity 6356K, committed 6400K, reserved 6528K
}

